<?xml version="1.0" encoding="UTF-8"?>
<!-- Generated by org.testng.reporters.JUnitReportReporter -->
<testsuite skipped="0" hostname="DESKTOP-49TFP33" name="com.sample.report.ExtentReport" tests="1" failures="0" timestamp="28 May 2019 18:21:48 GMT" time="0.017" errors="0">
  <testcase name="first" time="0.017" classname="com.sample.report.ExtentReport"/>
</testsuite> <!-- com.sample.report.ExtentReport -->
